<?xml version="1.0" encoding="UTF-8"?>
<testsuite name="Cucumber" time="6.792" tests="6" skipped="0" failures="0" errors="0">
<testcase classname="API Tests for ReqRes" name="Get all users" time="3.399">
<system-out><![CDATA[
Given I have a base URI of "https://reqres.in/".............................passed
When I send a GET request to "/api/users"...................................passed
Then the response status code should be 200.................................passed
]]></system-out>
</testcase>
<testcase classname="API Tests for ReqRes" name="Get One User" time="0.217">
<system-out><![CDATA[
Given I have a base URI of "https://reqres.in/".............................passed
When I send a GET request to "/api/users/2".................................passed
Then the response body should contain "Janet"...............................passed
]]></system-out>
</testcase>
<testcase classname="API Tests for ReqRes" name="Create Post - #1.1" time="0.49">
<system-out><![CDATA[
Given I have a base URI of "https://reqres.in/".............................passed
When I send a POST request to "/api/users" with body as "{ \"name\": \"morpheus\", \"job\": \"leader\"}".passed
Then the response time less then 5000.......................................passed
]]></system-out>
</testcase>
<testcase classname="API Tests for ReqRes" name="Update an existing user - #1.1" time="0.43">
<system-out><![CDATA[
Given I have a base URI of "https://reqres.in/".............................passed
When I send a PUT request to "/api/users/2" with body as "{ \"name\": \"morpheus\", \"job\": \"zion resident\"}".passed
Then the response status code should be 200.................................passed
]]></system-out>
</testcase>
<testcase classname="API Tests for ReqRes" name="Update specific user - #1.1" time="0.452">
<system-out><![CDATA[
Given I have a base URI of "https://reqres.in/".............................passed
When I send a PATCH request to "/api/users/2" with body as "{ \"name\": \"morpheus\", \"job\": \"zion resident\"}".passed
Then the response status code should be 200.................................passed
]]></system-out>
</testcase>
<testcase classname="API Tests for ReqRes" name="Delete a user" time="0.424">
<system-out><![CDATA[
Given I have a base URI of "https://reqres.in/".............................passed
When I send a DELETE request to "/api/users/2"..............................passed
Then the response status code should be 204.................................passed
]]></system-out>
</testcase>
</testsuite>
